func main: 0x0000000000000006
var $tmp_0: 0x0
var $tmp_1: 0x1
0x0: SET S RBP
0x1: SET S 0xC
0x2: SUB RBP RSP 0x1
0x3: ADD RSP RSP 0x7
0x4: CALL 0xE
0x6: SUB RSP RSP 0x8
0x7: SET RBP S
0x8: SET $tmp_0 R0
0x9: SET RIP 0xB
0xB: SET R1 $tmp_0
0xC: SET R0 $tmp_1
0xD: RET

func fib: 0x0000000000000014
arg n: 0x0
var $tmp_2: 0x1
var $tmp_3: 0x2
var $tmp_4: 0x3
var $tmp_5: 0x4
var $tmp_6: 0x5
var $tmp_7: 0x6
var $tmp_8: 0x7
0x00: GTE $tmp_2 n 0x2
0x01: IFZ $tmp_2 SET RIP 0x24
0x03: SET RIP 0x05
0x05: SUB $tmp_5 n 0x2
0x06: SET S RBP
0x07: SET S $tmp_5
0x08: SUB RBP RSP 0x1
0x09: ADD RSP RSP 0x7
0x0A: CALL 0x00
0x0C: SUB RSP RSP 0x8
0x0D: SET RBP S
0x0E: SET $tmp_4 R0
0x0F: SET RIP 0x11
0x11: SUB $tmp_7 n 0x1
0x12: SET S RBP
0x13: SET S $tmp_7
0x14: SUB RBP RSP 0x1
0x15: ADD RSP RSP 0x7
0x16: CALL 0x00
0x18: SUB RSP RSP 0x8
0x19: SET RBP S
0x1A: SET $tmp_6 R0
0x1B: SET RIP 0x1D
0x1D: ADD $tmp_3 $tmp_6 $tmp_4
0x1E: SET R0 $tmp_3
0x1F: RET
0x20: SET RIP 0x22
0x22: SET R0 $tmp_8
0x23: RET
0x24: SET R0 n
0x25: RET
0x26: SET RIP 0x22

