var1: 0x0000000000000000
var2: 0x0000000000000001
lvar1: 0x0000000000000002
lvar2: 0x0000000000000003
$tmp_0: 0x0000000000000004
$tmp_1: 0x0000000000000005
$tmp_2: 0x0000000000000006
$tmp_3: 0x0000000000000007
ivar1: 0x0000000000000008
ivar2: 0x0000000000000009
$tmp_4: 0x000000000000000A
$tmp_5: 0x000000000000000B
$tmp_6: 0x000000000000000C
$tmp_7: 0x000000000000000D
$tmp_8: 0x000000000000000E
$tmp_9: 0x000000000000000F
$tmp_10: 0x0000000000000010
$tmp_11: 0x0000000000000011
$tmp_12: 0x0000000000000012
$tmp_13: 0x0000000000000013
$tmp_14: 0x0000000000000014
$tmp_15: 0x0000000000000015
$tmp_16: 0x0000000000000016
$tmp_17: 0x0000000000000017
$tmp_18: 0x0000000000000018
$tmp_19: 0x0000000000000019
$tmp_20: 0x000000000000001A
$tmp_21: 0x000000000000001B
$tmp_22: 0x000000000000001C
$tmp_23: 0x000000000000001D
$tmp_24: 0x000000000000001E
$tmp_25: 0x000000000000001F
$tmp_26: 0x0000000000000020
$tmp_27: 0x0000000000000021
$tmp_28: 0x0000000000000022
$tmp_29: 0x0000000000000023
$tmp_30: 0x0000000000000024
$tmp_31: 0x0000000000000025
$tmp_32: 0x0000000000000026
$tmp_33: 0x0000000000000027
$tmp_34: 0x0000000000000028
$tmp_35: 0x0000000000000029
$tmp_36: 0x000000000000002A
$tmp_37: 0x000000000000002B
$tmp_38: 0x000000000000002C
$tmp_39: 0x000000000000002D
$tmp_40: 0x000000000000002E
$tmp_41: 0x000000000000002F
SET RSP 0x1_0000
SET RBP RSP
CALL {0x3}
HLT
SET [0x3] 0x2
ADD [0x2] 0x4D0 0x2
SET S [0x3]
SET [0x4] [S]
SET S [0x3]
MUL [S] [0x4] 0x2
SET S [0x3]
SET R4 [S]
SET [0x1] 0x0
SET [0x0] 0x162E
SET S [0x1]
SET R5 [S]
SET R6 [0x5]
SET [0x7] 0x0
SET R7 [0x0]
BRK
SET [0x0] 0x0
SET [0x1] 0x0
SET [0x2] 0x0
SET [0x3] 0x0
BRK
SET [0x2] 0x3DB
SET [0x3] [0x2]
SET R0 [0x3]
BRK
SET [0x0] 0x162E
SET [0x1] [0x0]
SET R0 [0x1]
BRK
IFZ 0xFFFF_FFFF_FFFF_FFFF SET RIP {0x100}
SET [0x8] 0xDE
SET [0x9] [0x8]
SET R0 [0x9]
BRK
SET R1 [0xA]
BRK
SET R0 0x0
SET R1 0x0
IFZ R0 SET RIP {0xE5}
SET R1 0x1
IFZ R1 SET RIP {0xD9}
SET R2 0x3
BRK
SET R0 0x5
SET R1 0x0
IFZ R0 SET RIP {0xA}
ADD R1 R1 0x1
SUB R0 R0 0x1
SET RIP {0xFFFF_FFFF_FFFF_FFFA}
SET RIP {0xC2}
BRK
DBG R0 R0 R0
CPY RZERO RONE 0x1
NOP
SET R12 0x1
SET R13 0x2
XCHG R12 R13
ADD [0xC] 0x2 0x3
MUL [0xD] 0x1 [0xC]
MUL [0xE] 0x9 0x7
MUL [0xF] 0x3 0xFFFF_FFFF_FFFF_FFFF
SUB [0x10] 0x4 [0xF]
DIV [0x11] [0xE] [0x10]
SUB [0x12] [0xD] [0x11]
ADD [0x14] 0xC 0x3
MOD [0x15] 0xB 0x6
SUB [0x16] 0x2 0x3
MUL [0x17] [0x16] 0xFFFF_FFFF_FFFF_FFFF
SUB [0x18] 0x6 [0x17]
DIV [0x19] [0x15] [0x18]
MUL [0x1A] [0x19] 0x3
ADD [0x1B] [0x14] [0x1A]
POW [0x1C] [0x13] [0x1B]
ADD R1 [0x12] [0x1C]
SET R2 0x5
SET R3 0x9
ADD R4 R2 R3
SET R0 0x0
ADD R0 R0 RONE
RL R0 R0 RONE
BRK
IFZ R4 SET RIP {0x65}
SET R5 0x4D2
SET R13 RZERO
SET R14 RZERO
SET R15 RONE
CAS R13 R14 0x6
CAS R14 R15 0x8
SET R0 0xFFFF_FFFF_FFFF_FFFF
EQ [0x1D] R0 R0
IFZ [0x1D] SET RIP {0x50}
SET R1 0xC
LT [0x1E] RZERO RONE
IFZ [0x1E] SET RIP {0x43}
SET R2 0x22
SET R3 0x2D
AND [0x1F] RONE RMAX
AND [0x20] [0x1F] 0xFFFF_FFFF_FFFF_FFFF
IFZ [0x20] SET RIP {0x30}
SET R7 0xD
AND [0x21] RONE RZERO
AND [0x22] [0x21] 0x0
IFZ [0x22] SET RIP {0x1F}
SET R8 0xD
OR [0x23] RZERO 0x0
IFZ [0x23] SET RIP {0x11}
SET R4 0x38
SET R5 0x4E
SET R6 0x5A
BRK
SET R0 [0x24]
RET
SET RIP {0xFFFF_FFFF_FFFF_FFFC}
SET RIP {0x4}
SET RIP {0xFFFF_FFFF_FFFF_FFF8}
SET RIP {0xFFFF_FFFF_FFFF_FFEA}
SET RIP {0x4}
SET RIP {0xFFFF_FFFF_FFFF_FFE6}
SET RIP {0xFFFF_FFFF_FFFF_FFD9}
SET RIP {0x4}
SET RIP {0xFFFF_FFFF_FFFF_FFD5}
SET RIP {0xFFFF_FFFF_FFFF_FFC8}
SET RIP {0x4}
SET RIP {0xFFFF_FFFF_FFFF_FFC4}
SET RIP {0xFFFF_FFFF_FFFF_FFB9}
SET RIP {0x4}
SET RIP {0xFFFF_FFFF_FFFF_FFB5}
SET RIP {0xFFFF_FFFF_FFFF_FFA3}
SET RIP {0x4}
SET RIP {0xFFFF_FFFF_FFFF_FF9F}
SET RIP {0xFFFF_FFFF_FFFF_FF42}
SET RIP {0xFFFF_FFFF_FFFF_FF36}
SET RIP {0xFFFF_FFFF_FFFF_FF2F}
SET RIP {0x6}
SET R2 0x4
SET RIP {0xFFFF_FFFF_FFFF_FF29}
SET RIP {0xFFFF_FFFF_FFFF_FF23}
SET RIP {0x6}
SET R1 0x2
SET RIP {0xFFFF_FFFF_FFFF_FF1D}
SET RIP {0xFFFF_FFFF_FFFF_FF0F}
SET RIP {0x4}
SET RIP {0xFFFF_FFFF_FFFF_FF0B}
ADD [0x26] [\0x0/] 0x2
MUL [0x27] [\0x1/] 0x3
SET R0 [0x28]
RET
ADD [0x29] 0x1 [\0x0/]
ADD [0x2A] [0x29] [\0x1/]
SET R0 [0x2B]
RET
SET [\0x1/] \0x0/
ADD [\0x0/] [\0x0/] 0x3
SET S [\0x1/]
SET [0x2C] [S]
SET R0 [0x2D]
RET
SET S [\0x0/]
SET [0x2E] [S]
SET S [\0x0/]
ADD [S] [0x2E] 0x19
SET R0 [0x2F]
RET
