gvar displayBuffer: 0x0000000000000000
gvar keyboardId: 0x0000000000000001
gvar columns: 0x0000000000000002
gvar rows: 0x0000000000000003
gvar column: 0x0000000000000004
gvar row: 0x0000000000000005
gvar width: 0x0000000000000006
gvar shifted: 0x0000000000000007

func main: 0x0000000000000006
var displayId: 0x00
var displayHeader: 0x01
var interruptId: 0x02
var interruptHeader: 0x03
var $tmp_0: 0x04
var $tmp_1: 0x05
var $tmp_2: 0x06
var $tmp_3: 0x07
var $tmp_4: 0x08
var $tmp_5: 0x09
var $tmp_6: 0x0A
var $tmp_7: 0x0B
var $tmp_8: 0x0C
var $tmp_9: 0x0D
var $tmp_10: 0x0E
var $tmp_11: 0x0F
var $tmp_12: 0x10
var $tmp_13: 0x11
0x00: SET S RBP
0x01: SET S 0x7
0x02: SUB RBP RSP 0x1
0x03: ADD RSP RSP 0x9
0x04: CALL @0x906
0x06: SUB RSP RSP 0xA
0x07: SET RBP S
0x08: SET $tmp_0 R0
0x09: SET RIP @0x0B
0x0B: SET displayId $tmp_0
0x0C: SL $tmp_1 displayId 0x34
0x0D: SET displayHeader $tmp_1
0x0E: SL $tmp_3 displayId 0x34
0x0F: ADD $tmp_2 $tmp_3 0x10_0000
0x11: SET [0x0] $tmp_2
0x13: SET S RBP
0x14: SET S 0x3
0x15: SUB RBP RSP 0x1
0x16: ADD RSP RSP 0x9
0x17: CALL @0x906
0x19: SUB RSP RSP 0xA
0x1A: SET RBP S
0x1B: SET $tmp_4 R0
0x1C: SET RIP @0x1E
0x1E: SET interruptId $tmp_4
0x1F: SL $tmp_5 interruptId 0x34
0x20: SET interruptHeader $tmp_5
0x21: SET S RBP
0x22: SET S 0x6
0x23: SUB RBP RSP 0x1
0x24: ADD RSP RSP 0x9
0x25: CALL @0x906
0x27: SUB RSP RSP 0xA
0x28: SET RBP S
0x29: SET $tmp_6 R0
0x2A: SET RIP @0x2C
0x2C: SET [0x1] $tmp_6
0x2E: SL $tmp_7 [0x1] 0x34
0x30: SET [0x1] $tmp_7
0x32: SET S displayHeader
0x33: SET S S
0x34: ADD S S 0x0
0x35: SET [0x2] [S]
0x37: SET S displayHeader
0x38: SET S S
0x39: ADD S S 0x1
0x3A: SET [0x3] [S]
0x3C: SET [0x4] 0x0
0x3E: SET [0x5] 0x1
0x40: SET [0x7] 0x0
0x42: ADD $tmp_8 [0x0] 0x0
0x44: SET S $tmp_8
0x45: SET [S] 0x52
0x46: ADD $tmp_9 [0x0] 0x1
0x48: SET S $tmp_9
0x49: SET [S] 0x45
0x4A: ADD $tmp_10 [0x0] 0x2
0x4C: SET S $tmp_10
0x4D: SET [S] 0x41
0x4E: ADD $tmp_11 [0x0] 0x3
0x50: SET S $tmp_11
0x51: SET [S] 0x44
0x52: ADD $tmp_12 [0x0] 0x4
0x54: SET S $tmp_12
0x55: SET [S] 0x59
0x56: SET S interruptHeader
0x57: SET S S
0x58: ADD S S 0x4
0x59: SET [S] @0x67
0x5B: INTE
0x5C: SET RIP @0x5E
0x5E: IFZ 0xFFFF_FFFF_FFFF_FFFF SET RIP @0x65
0x61: SET RIP @0x63
0x63: SET RIP @0x5E
0x65: SET R0 $tmp_13
0x66: RET

func deviceWaiting: 0x000000000000006D
var code: 0x00
var released: 0x01
var offset: 0x02
var char: 0x03
var $tmp_14: 0x04
var $tmp_15: 0x05
var $tmp_16: 0x06
var $tmp_17: 0x07
var $tmp_18: 0x08
var $tmp_19: 0x09
var $tmp_20: 0x0A
var $tmp_21: 0x0B
var $tmp_22: 0x0C
var $tmp_23: 0x0D
var $tmp_24: 0x0E
var $tmp_25: 0x0F
var $tmp_26: 0x10
var $tmp_27: 0x11
var $tmp_28: 0x12
var $tmp_29: 0x13
var $tmp_30: 0x14
var $tmp_31: 0x15
var $tmp_32: 0x16
var $tmp_33: 0x17
var $tmp_34: 0x18
var $tmp_35: 0x19
var $tmp_36: 0x1A
var $tmp_37: 0x1B
var $tmp_38: 0x1C
var $tmp_39: 0x1D
var $tmp_40: 0x1E
var $tmp_41: 0x1F
var $tmp_42: 0x20
var $tmp_43: 0x21
var $tmp_44: 0x22
var $tmp_45: 0x23
var $tmp_46: 0x24
var $tmp_47: 0x25
var $tmp_48: 0x26
var $tmp_49: 0x27
var $tmp_50: 0x28
var $tmp_51: 0x29
var $tmp_52: 0x2A
var $tmp_53: 0x2B
var $tmp_54: 0x2C
var $tmp_55: 0x2D
var $tmp_56: 0x2E
var $tmp_57: 0x2F
var $tmp_58: 0x30
var $tmp_59: 0x31
var $tmp_60: 0x32
var $tmp_61: 0x33
var $tmp_62: 0x34
var $tmp_63: 0x35
var $tmp_64: 0x36
var $tmp_65: 0x37
var $tmp_66: 0x38
var $tmp_67: 0x39
var $tmp_68: 0x3A
var $tmp_69: 0x3B
var $tmp_70: 0x3C
var $tmp_71: 0x3D
var $tmp_72: 0x3E
var $tmp_73: 0x3F
var $tmp_74: 0x40
var $tmp_75: 0x41
var $tmp_76: 0x42
var $tmp_77: 0x43
var $tmp_78: 0x44
var $tmp_79: 0x45
var $tmp_80: 0x46
var $tmp_81: 0x47
var $tmp_82: 0x48
var $tmp_83: 0x49
var $tmp_84: 0x4A
var $tmp_85: 0x4B
var $tmp_86: 0x4C
var $tmp_87: 0x4D
var $tmp_88: 0x4E
var $tmp_89: 0x4F
var $tmp_90: 0x50
var $tmp_91: 0x51
var $tmp_92: 0x52
var $tmp_93: 0x53
var $tmp_94: 0x54
var $tmp_95: 0x55
var $tmp_96: 0x56
var $tmp_97: 0x57
var $tmp_98: 0x58
var $tmp_99: 0x59
var $tmp_100: 0x5A
var $tmp_101: 0x5B
var $tmp_102: 0x5C
var $tmp_103: 0x5D
var $tmp_104: 0x5E
var $tmp_105: 0x5F
var $tmp_106: 0x60
var $tmp_107: 0x61
var $tmp_108: 0x62
var $tmp_109: 0x63
var $tmp_110: 0x64
var $tmp_111: 0x65
var $tmp_112: 0x66
var $tmp_113: 0x67
var $tmp_114: 0x68
var $tmp_115: 0x69
var $tmp_116: 0x6A
var $tmp_117: 0x6B
var $tmp_118: 0x6C
var $tmp_119: 0x6D
var $tmp_120: 0x6E
var $tmp_121: 0x6F
var $tmp_122: 0x70
var $tmp_123: 0x71
var $tmp_124: 0x72
var $tmp_125: 0x73
var $tmp_126: 0x74
var $tmp_127: 0x75
var $tmp_128: 0x76
var $tmp_129: 0x77
var $tmp_130: 0x78
var $tmp_131: 0x79
var $tmp_132: 0x7A
var $tmp_133: 0x7B
var $tmp_134: 0x7C
var $tmp_135: 0x7D
var $tmp_136: 0x7E
var $tmp_137: 0x7F
var $tmp_138: 0x80
var $tmp_139: 0x81
var $tmp_140: 0x82
var $tmp_141: 0x83
var $tmp_142: 0x84
var $tmp_143: 0x85
var $tmp_144: 0x86
var $tmp_145: 0x87
var $tmp_146: 0x88
var $tmp_147: 0x89
var $tmp_148: 0x8A
var $tmp_149: 0x8B
var $tmp_150: 0x8C
var $tmp_151: 0x8D
var $tmp_152: 0x8E
var $tmp_153: 0x8F
var $tmp_154: 0x90
var $tmp_155: 0x91
var $tmp_156: 0x92
var $tmp_157: 0x93
var $tmp_158: 0x94
var $tmp_159: 0x95
var $tmp_160: 0x96
var $tmp_161: 0x97
var $tmp_162: 0x98
var $tmp_163: 0x99
var $tmp_164: 0x9A
var $tmp_165: 0x9B
var $tmp_166: 0x9C
var $tmp_167: 0x9D
var $tmp_168: 0x9E
var $tmp_169: 0x9F
var $tmp_170: 0xA0
var $tmp_171: 0xA1
var $tmp_172: 0xA2
var $tmp_173: 0xA3
var $tmp_174: 0xA4
var $tmp_175: 0xA5
var $tmp_176: 0xA6
var $tmp_177: 0xA7
var $tmp_178: 0xA8
var $tmp_179: 0xA9
var $tmp_180: 0xAA
var $tmp_181: 0xAB
var $tmp_182: 0xAC
var $tmp_183: 0xAD
var $tmp_184: 0xAE
var $tmp_185: 0xAF
var $tmp_186: 0xB0
var $tmp_187: 0xB1
var $tmp_188: 0xB2
var $tmp_189: 0xB3
var $tmp_190: 0xB4
var $tmp_191: 0xB5
var $tmp_192: 0xB6
var $tmp_193: 0xB7
var $tmp_194: 0xB8
var $tmp_195: 0xB9
var $tmp_196: 0xBA
var $tmp_197: 0xBB
var $tmp_198: 0xBC
var $tmp_199: 0xBD
var $tmp_200: 0xBE
var $tmp_201: 0xBF
var $tmp_202: 0xC0
var $tmp_203: 0xC1
var $tmp_204: 0xC2
var $tmp_205: 0xC3
var $tmp_206: 0xC4
var $tmp_207: 0xC5
var $tmp_208: 0xC6
var $tmp_209: 0xC7
var $tmp_210: 0xC8
var $tmp_211: 0xC9
var $tmp_212: 0xCA
var $tmp_213: 0xCB
var $tmp_214: 0xCC
var $tmp_215: 0xCD
var $tmp_216: 0xCE
var $tmp_217: 0xCF
var $tmp_218: 0xD0
var $tmp_219: 0xD1
var $tmp_220: 0xD2
var $tmp_221: 0xD3
var $tmp_222: 0xD4
var $tmp_223: 0xD5
var $tmp_224: 0xD6
var $tmp_225: 0xD7
var $tmp_226: 0xD8
var $tmp_227: 0xD9
var $tmp_228: 0xDA
var $tmp_229: 0xDB
var $tmp_230: 0xDC
var $tmp_231: 0xDD
var $tmp_232: 0xDE
var $tmp_233: 0xDF
var $tmp_234: 0xE0
var $tmp_235: 0xE1
var $tmp_236: 0xE2
var $tmp_237: 0xE3
var $tmp_238: 0xE4
var $tmp_239: 0xE5
var $tmp_240: 0xE6
var $tmp_241: 0xE7
var $tmp_242: 0xE8
var $tmp_243: 0xE9
var $tmp_244: 0xEA
0x000: SET RSP 0x2_0000
0x002: SET RBP 0x2_0000
0x004: EQ $tmp_14 R0 [0x1]
0x006: IFZ $tmp_14 SET RIP @0x89C
0x008: SET RIP @0x00A
0x00A: AND $tmp_15 R1 0x7FFF_FFFF_FFFF_FFFF
0x00C: SET code $tmp_15
0x00D: AND $tmp_17 R1 0x8000_0000_0000_0000
0x00F: NEQ $tmp_16 $tmp_17 0x0
0x010: SET released $tmp_16
0x011: EQ $tmp_19 code 0x28
0x012: AND $tmp_18 $tmp_19 released
0x013: IFZ $tmp_18 SET RIP @0x021
0x015: SET RIP @0x017
0x017: SET [0x4] 0x0
0x019: ADD $tmp_20 [0x5] 0x1
0x01B: SET [0x5] $tmp_20
0x01D: SET RIP @0x01F
0x01F: SET RIP @0x89C
0x021: EQ $tmp_22 code 0x34
0x022: EQ $tmp_23 code 0x29
0x023: OR $tmp_21 $tmp_23 $tmp_22
0x024: IFZ $tmp_21 SET RIP @0x03C
0x026: SET RIP @0x028
0x028: EQ $tmp_24 [0x7] 0xFFFF_FFFF_FFFF_FFFF
0x02B: IFZ $tmp_24 SET RIP @0x035
0x02D: SET RIP @0x02F
0x02F: SET [0x7] 0x0
0x031: SET RIP @0x033
0x033: SET RIP @0x03A
0x035: SET [0x7] 0xFFFF_FFFF_FFFF_FFFF
0x038: SET RIP @0x033
0x03A: SET RIP @0x01F
0x03C: IFZ released SET RIP @0x89A
0x03E: SET RIP @0x040
0x040: SET offset 0x0
0x041: EQ $tmp_25 code 0xD
0x042: IFZ $tmp_25 SET RIP @0x066
0x044: SET RIP @0x046
0x046: NEQ $tmp_26 [0x4] 0x0
0x048: IFZ $tmp_26 SET RIP @0x05B
0x04A: SET RIP @0x04C
0x04C: SUB $tmp_27 [0x4] 0x1
0x04E: SET [0x4] $tmp_27
0x050: SET RIP @0x052
0x052: MUL $tmp_29 [0x5] [0x2]
0x055: ADD $tmp_28 $tmp_29 [0x4]
0x057: SET offset $tmp_28
0x058: SET code 0x38
0x059: SET RIP @0x05E
0x05B: EINT
0x05C: SET RIP @0x052
0x05E: SET char 0x0
0x05F: XOR $tmp_35 [0x7] 0xFFFF_FFFF_FFFF_FFFF
0x062: IFZ $tmp_35 SET RIP @0x48C
0x064: SET RIP @0x081
0x066: MUL $tmp_31 [0x5] [0x2]
0x069: ADD $tmp_30 $tmp_31 [0x4]
0x06B: SET offset $tmp_30
0x06C: ADD $tmp_32 [0x4] 0x1
0x06E: SET [0x4] $tmp_32
0x070: GT $tmp_33 [0x4] [0x2]
0x073: IFZ $tmp_33 SET RIP @0x07F
0x075: SET RIP @0x077
0x077: SET [0x4] 0x0
0x079: ADD $tmp_34 [0x5] 0x1
0x07B: SET [0x5] $tmp_34
0x07D: SET RIP @0x07F
0x07F: SET RIP @0x05E
0x081: EQ $tmp_36 code 0x0
0x082: IFZ $tmp_36 SET RIP @0x08B
0x084: SET RIP @0x086
0x086: SET char 0x60
0x087: SET RIP @0x089
0x089: SET RIP @0x487
0x08B: EQ $tmp_37 code 0x1
0x08C: IFZ $tmp_37 SET RIP @0x095
0x08E: SET RIP @0x090
0x090: SET char 0x31
0x091: SET RIP @0x093
0x093: SET RIP @0x089
0x095: EQ $tmp_38 code 0x2
0x096: IFZ $tmp_38 SET RIP @0x09F
0x098: SET RIP @0x09A
0x09A: SET char 0x32
0x09B: SET RIP @0x09D
0x09D: SET RIP @0x093
0x09F: EQ $tmp_39 code 0x3
0x0A0: IFZ $tmp_39 SET RIP @0x0A9
0x0A2: SET RIP @0x0A4
0x0A4: SET char 0x33
0x0A5: SET RIP @0x0A7
0x0A7: SET RIP @0x09D
0x0A9: EQ $tmp_40 code 0x4
0x0AA: IFZ $tmp_40 SET RIP @0x0B3
0x0AC: SET RIP @0x0AE
0x0AE: SET char 0x34
0x0AF: SET RIP @0x0B1
0x0B1: SET RIP @0x0A7
0x0B3: EQ $tmp_41 code 0x5
0x0B4: IFZ $tmp_41 SET RIP @0x0BD
0x0B6: SET RIP @0x0B8
0x0B8: SET char 0x35
0x0B9: SET RIP @0x0BB
0x0BB: SET RIP @0x0B1
0x0BD: EQ $tmp_42 code 0x6
0x0BE: IFZ $tmp_42 SET RIP @0x0C7
0x0C0: SET RIP @0x0C2
0x0C2: SET char 0x36
0x0C3: SET RIP @0x0C5
0x0C5: SET RIP @0x0BB
0x0C7: EQ $tmp_43 code 0x7
0x0C8: IFZ $tmp_43 SET RIP @0x0D1
0x0CA: SET RIP @0x0CC
0x0CC: SET char 0x37
0x0CD: SET RIP @0x0CF
0x0CF: SET RIP @0x0C5
0x0D1: EQ $tmp_44 code 0x8
0x0D2: IFZ $tmp_44 SET RIP @0x0DB
0x0D4: SET RIP @0x0D6
0x0D6: SET char 0x38
0x0D7: SET RIP @0x0D9
0x0D9: SET RIP @0x0CF
0x0DB: EQ $tmp_45 code 0x9
0x0DC: IFZ $tmp_45 SET RIP @0x0E5
0x0DE: SET RIP @0x0E0
0x0E0: SET char 0x39
0x0E1: SET RIP @0x0E3
0x0E3: SET RIP @0x0D9
0x0E5: EQ $tmp_46 code 0xA
0x0E6: IFZ $tmp_46 SET RIP @0x0EF
0x0E8: SET RIP @0x0EA
0x0EA: SET char 0x30
0x0EB: SET RIP @0x0ED
0x0ED: SET RIP @0x0E3
0x0EF: EQ $tmp_47 code 0xB
0x0F0: IFZ $tmp_47 SET RIP @0x0F9
0x0F2: SET RIP @0x0F4
0x0F4: SET char 0x2D
0x0F5: SET RIP @0x0F7
0x0F7: SET RIP @0x0ED
0x0F9: EQ $tmp_48 code 0xC
0x0FA: IFZ $tmp_48 SET RIP @0x103
0x0FC: SET RIP @0x0FE
0x0FE: SET char 0x3D
0x0FF: SET RIP @0x101
0x101: SET RIP @0x0F7
0x103: EQ $tmp_49 code 0xD
0x104: IFZ $tmp_49 SET RIP @0x10D
0x106: SET RIP @0x108
0x108: SET char 0x8
0x109: SET RIP @0x10B
0x10B: SET RIP @0x101
0x10D: EQ $tmp_50 code 0xE
0x10E: IFZ $tmp_50 SET RIP @0x117
0x110: SET RIP @0x112
0x112: SET char 0x9
0x113: SET RIP @0x115
0x115: SET RIP @0x10B
0x117: EQ $tmp_51 code 0xF
0x118: IFZ $tmp_51 SET RIP @0x121
0x11A: SET RIP @0x11C
0x11C: SET char 0x71
0x11D: SET RIP @0x11F
0x11F: SET RIP @0x115
0x121: EQ $tmp_52 code 0x10
0x122: IFZ $tmp_52 SET RIP @0x12B
0x124: SET RIP @0x126
0x126: SET char 0x77
0x127: SET RIP @0x129
0x129: SET RIP @0x11F
0x12B: EQ $tmp_53 code 0x11
0x12C: IFZ $tmp_53 SET RIP @0x135
0x12E: SET RIP @0x130
0x130: SET char 0x65
0x131: SET RIP @0x133
0x133: SET RIP @0x129
0x135: EQ $tmp_54 code 0x12
0x136: IFZ $tmp_54 SET RIP @0x13F
0x138: SET RIP @0x13A
0x13A: SET char 0x72
0x13B: SET RIP @0x13D
0x13D: SET RIP @0x133
0x13F: EQ $tmp_55 code 0x13
0x140: IFZ $tmp_55 SET RIP @0x149
0x142: SET RIP @0x144
0x144: SET char 0x74
0x145: SET RIP @0x147
0x147: SET RIP @0x13D
0x149: EQ $tmp_56 code 0x14
0x14A: IFZ $tmp_56 SET RIP @0x153
0x14C: SET RIP @0x14E
0x14E: SET char 0x79
0x14F: SET RIP @0x151
0x151: SET RIP @0x147
0x153: EQ $tmp_57 code 0x15
0x154: IFZ $tmp_57 SET RIP @0x15D
0x156: SET RIP @0x158
0x158: SET char 0x75
0x159: SET RIP @0x15B
0x15B: SET RIP @0x151
0x15D: EQ $tmp_58 code 0x16
0x15E: IFZ $tmp_58 SET RIP @0x167
0x160: SET RIP @0x162
0x162: SET char 0x69
0x163: SET RIP @0x165
0x165: SET RIP @0x15B
0x167: EQ $tmp_59 code 0x17
0x168: IFZ $tmp_59 SET RIP @0x171
0x16A: SET RIP @0x16C
0x16C: SET char 0x6F
0x16D: SET RIP @0x16F
0x16F: SET RIP @0x165
0x171: EQ $tmp_60 code 0x18
0x172: IFZ $tmp_60 SET RIP @0x17B
0x174: SET RIP @0x176
0x176: SET char 0x70
0x177: SET RIP @0x179
0x179: SET RIP @0x16F
0x17B: EQ $tmp_61 code 0x19
0x17C: IFZ $tmp_61 SET RIP @0x185
0x17E: SET RIP @0x180
0x180: SET char 0x5B
0x181: SET RIP @0x183
0x183: SET RIP @0x179
0x185: EQ $tmp_62 code 0x1A
0x186: IFZ $tmp_62 SET RIP @0x18F
0x188: SET RIP @0x18A
0x18A: SET char 0x5D
0x18B: SET RIP @0x18D
0x18D: SET RIP @0x183
0x18F: EQ $tmp_63 code 0x1B
0x190: IFZ $tmp_63 SET RIP @0x199
0x192: SET RIP @0x194
0x194: SET char 0x5C
0x195: SET RIP @0x197
0x197: SET RIP @0x18D
0x199: EQ $tmp_64 code 0x1C
0x19A: IFZ $tmp_64 SET RIP @0x1A3
0x19C: SET RIP @0x19E
0x19E: SET char 0x0
0x19F: SET RIP @0x1A1
0x1A1: SET RIP @0x197
0x1A3: EQ $tmp_65 code 0x1D
0x1A4: IFZ $tmp_65 SET RIP @0x1AD
0x1A6: SET RIP @0x1A8
0x1A8: SET char 0x61
0x1A9: SET RIP @0x1AB
0x1AB: SET RIP @0x1A1
0x1AD: EQ $tmp_66 code 0x1E
0x1AE: IFZ $tmp_66 SET RIP @0x1B7
0x1B0: SET RIP @0x1B2
0x1B2: SET char 0x73
0x1B3: SET RIP @0x1B5
0x1B5: SET RIP @0x1AB
0x1B7: EQ $tmp_67 code 0x1F
0x1B8: IFZ $tmp_67 SET RIP @0x1C1
0x1BA: SET RIP @0x1BC
0x1BC: SET char 0x64
0x1BD: SET RIP @0x1BF
0x1BF: SET RIP @0x1B5
0x1C1: EQ $tmp_68 code 0x20
0x1C2: IFZ $tmp_68 SET RIP @0x1CB
0x1C4: SET RIP @0x1C6
0x1C6: SET char 0x66
0x1C7: SET RIP @0x1C9
0x1C9: SET RIP @0x1BF
0x1CB: EQ $tmp_69 code 0x21
0x1CC: IFZ $tmp_69 SET RIP @0x1D5
0x1CE: SET RIP @0x1D0
0x1D0: SET char 0x67
0x1D1: SET RIP @0x1D3
0x1D3: SET RIP @0x1C9
0x1D5: EQ $tmp_70 code 0x22
0x1D6: IFZ $tmp_70 SET RIP @0x1DF
0x1D8: SET RIP @0x1DA
0x1DA: SET char 0x68
0x1DB: SET RIP @0x1DD
0x1DD: SET RIP @0x1D3
0x1DF: EQ $tmp_71 code 0x23
0x1E0: IFZ $tmp_71 SET RIP @0x1E9
0x1E2: SET RIP @0x1E4
0x1E4: SET char 0x6A
0x1E5: SET RIP @0x1E7
0x1E7: SET RIP @0x1DD
0x1E9: EQ $tmp_72 code 0x24
0x1EA: IFZ $tmp_72 SET RIP @0x1F3
0x1EC: SET RIP @0x1EE
0x1EE: SET char 0x6B
0x1EF: SET RIP @0x1F1
0x1F1: SET RIP @0x1E7
0x1F3: EQ $tmp_73 code 0x25
0x1F4: IFZ $tmp_73 SET RIP @0x1FD
0x1F6: SET RIP @0x1F8
0x1F8: SET char 0x6C
0x1F9: SET RIP @0x1FB
0x1FB: SET RIP @0x1F1
0x1FD: EQ $tmp_74 code 0x26
0x1FE: IFZ $tmp_74 SET RIP @0x207
0x200: SET RIP @0x202
0x202: SET char 0x3B
0x203: SET RIP @0x205
0x205: SET RIP @0x1FB
0x207: EQ $tmp_75 code 0x27
0x208: IFZ $tmp_75 SET RIP @0x211
0x20A: SET RIP @0x20C
0x20C: SET char 0x27
0x20D: SET RIP @0x20F
0x20F: SET RIP @0x205
0x211: EQ $tmp_76 code 0x28
0x212: IFZ $tmp_76 SET RIP @0x21B
0x214: SET RIP @0x216
0x216: SET char 0xA
0x217: SET RIP @0x219
0x219: SET RIP @0x20F
0x21B: EQ $tmp_77 code 0x29
0x21C: IFZ $tmp_77 SET RIP @0x225
0x21E: SET RIP @0x220
0x220: SET char 0x0
0x221: SET RIP @0x223
0x223: SET RIP @0x219
0x225: EQ $tmp_78 code 0x2A
0x226: IFZ $tmp_78 SET RIP @0x22F
0x228: SET RIP @0x22A
0x22A: SET char 0x7A
0x22B: SET RIP @0x22D
0x22D: SET RIP @0x223
0x22F: EQ $tmp_79 code 0x2B
0x230: IFZ $tmp_79 SET RIP @0x239
0x232: SET RIP @0x234
0x234: SET char 0x78
0x235: SET RIP @0x237
0x237: SET RIP @0x22D
0x239: EQ $tmp_80 code 0x2C
0x23A: IFZ $tmp_80 SET RIP @0x243
0x23C: SET RIP @0x23E
0x23E: SET char 0x63
0x23F: SET RIP @0x241
0x241: SET RIP @0x237
0x243: EQ $tmp_81 code 0x2D
0x244: IFZ $tmp_81 SET RIP @0x24D
0x246: SET RIP @0x248
0x248: SET char 0x76
0x249: SET RIP @0x24B
0x24B: SET RIP @0x241
0x24D: EQ $tmp_82 code 0x2E
0x24E: IFZ $tmp_82 SET RIP @0x257
0x250: SET RIP @0x252
0x252: SET char 0x62
0x253: SET RIP @0x255
0x255: SET RIP @0x24B
0x257: EQ $tmp_83 code 0x2F
0x258: IFZ $tmp_83 SET RIP @0x261
0x25A: SET RIP @0x25C
0x25C: SET char 0x6E
0x25D: SET RIP @0x25F
0x25F: SET RIP @0x255
0x261: EQ $tmp_84 code 0x30
0x262: IFZ $tmp_84 SET RIP @0x26B
0x264: SET RIP @0x266
0x266: SET char 0x6D
0x267: SET RIP @0x269
0x269: SET RIP @0x25F
0x26B: EQ $tmp_85 code 0x31
0x26C: IFZ $tmp_85 SET RIP @0x275
0x26E: SET RIP @0x270
0x270: SET char 0x2C
0x271: SET RIP @0x273
0x273: SET RIP @0x269
0x275: EQ $tmp_86 code 0x32
0x276: IFZ $tmp_86 SET RIP @0x27F
0x278: SET RIP @0x27A
0x27A: SET char 0x2E
0x27B: SET RIP @0x27D
0x27D: SET RIP @0x273
0x27F: EQ $tmp_87 code 0x33
0x280: IFZ $tmp_87 SET RIP @0x289
0x282: SET RIP @0x284
0x284: SET char 0x2F
0x285: SET RIP @0x287
0x287: SET RIP @0x27D
0x289: EQ $tmp_88 code 0x34
0x28A: IFZ $tmp_88 SET RIP @0x293
0x28C: SET RIP @0x28E
0x28E: SET char 0x0
0x28F: SET RIP @0x291
0x291: SET RIP @0x287
0x293: EQ $tmp_89 code 0x35
0x294: IFZ $tmp_89 SET RIP @0x29D
0x296: SET RIP @0x298
0x298: SET char 0x0
0x299: SET RIP @0x29B
0x29B: SET RIP @0x291
0x29D: EQ $tmp_90 code 0x36
0x29E: IFZ $tmp_90 SET RIP @0x2A7
0x2A0: SET RIP @0x2A2
0x2A2: SET char 0x0
0x2A3: SET RIP @0x2A5
0x2A5: SET RIP @0x29B
0x2A7: EQ $tmp_91 code 0x37
0x2A8: IFZ $tmp_91 SET RIP @0x2B1
0x2AA: SET RIP @0x2AC
0x2AC: SET char 0x0
0x2AD: SET RIP @0x2AF
0x2AF: SET RIP @0x2A5
0x2B1: EQ $tmp_92 code 0x38
0x2B2: IFZ $tmp_92 SET RIP @0x2BB
0x2B4: SET RIP @0x2B6
0x2B6: SET char 0x20
0x2B7: SET RIP @0x2B9
0x2B9: SET RIP @0x2AF
0x2BB: EQ $tmp_93 code 0x39
0x2BC: IFZ $tmp_93 SET RIP @0x2C5
0x2BE: SET RIP @0x2C0
0x2C0: SET char 0x0
0x2C1: SET RIP @0x2C3
0x2C3: SET RIP @0x2B9
0x2C5: EQ $tmp_94 code 0x3A
0x2C6: IFZ $tmp_94 SET RIP @0x2CF
0x2C8: SET RIP @0x2CA
0x2CA: SET char 0x0
0x2CB: SET RIP @0x2CD
0x2CD: SET RIP @0x2C3
0x2CF: EQ $tmp_95 code 0x3B
0x2D0: IFZ $tmp_95 SET RIP @0x2D9
0x2D2: SET RIP @0x2D4
0x2D4: SET char 0x0
0x2D5: SET RIP @0x2D7
0x2D7: SET RIP @0x2CD
0x2D9: EQ $tmp_96 code 0x3C
0x2DA: IFZ $tmp_96 SET RIP @0x2E3
0x2DC: SET RIP @0x2DE
0x2DE: SET char 0x0
0x2DF: SET RIP @0x2E1
0x2E1: SET RIP @0x2D7
0x2E3: EQ $tmp_97 code 0x3D
0x2E4: IFZ $tmp_97 SET RIP @0x2ED
0x2E6: SET RIP @0x2E8
0x2E8: SET char 0x0
0x2E9: SET RIP @0x2EB
0x2EB: SET RIP @0x2E1
0x2ED: EQ $tmp_98 code 0x3E
0x2EE: IFZ $tmp_98 SET RIP @0x2F7
0x2F0: SET RIP @0x2F2
0x2F2: SET char 0x0
0x2F3: SET RIP @0x2F5
0x2F5: SET RIP @0x2EB
0x2F7: EQ $tmp_99 code 0x3F
0x2F8: IFZ $tmp_99 SET RIP @0x301
0x2FA: SET RIP @0x2FC
0x2FC: SET char 0x0
0x2FD: SET RIP @0x2FF
0x2FF: SET RIP @0x2F5
0x301: EQ $tmp_100 code 0x40
0x302: IFZ $tmp_100 SET RIP @0x30B
0x304: SET RIP @0x306
0x306: SET char 0x0
0x307: SET RIP @0x309
0x309: SET RIP @0x2FF
0x30B: EQ $tmp_101 code 0x41
0x30C: IFZ $tmp_101 SET RIP @0x315
0x30E: SET RIP @0x310
0x310: SET char 0x0
0x311: SET RIP @0x313
0x313: SET RIP @0x309
0x315: EQ $tmp_102 code 0x42
0x316: IFZ $tmp_102 SET RIP @0x31F
0x318: SET RIP @0x31A
0x31A: SET char 0x0
0x31B: SET RIP @0x31D
0x31D: SET RIP @0x313
0x31F: EQ $tmp_103 code 0x43
0x320: IFZ $tmp_103 SET RIP @0x329
0x322: SET RIP @0x324
0x324: SET char 0x0
0x325: SET RIP @0x327
0x327: SET RIP @0x31D
0x329: EQ $tmp_104 code 0x44
0x32A: IFZ $tmp_104 SET RIP @0x333
0x32C: SET RIP @0x32E
0x32E: SET char 0x0
0x32F: SET RIP @0x331
0x331: SET RIP @0x327
0x333: EQ $tmp_105 code 0x45
0x334: IFZ $tmp_105 SET RIP @0x33D
0x336: SET RIP @0x338
0x338: SET char 0x0
0x339: SET RIP @0x33B
0x33B: SET RIP @0x331
0x33D: EQ $tmp_106 code 0x46
0x33E: IFZ $tmp_106 SET RIP @0x347
0x340: SET RIP @0x342
0x342: SET char 0x0
0x343: SET RIP @0x345
0x345: SET RIP @0x33B
0x347: EQ $tmp_107 code 0x47
0x348: IFZ $tmp_107 SET RIP @0x351
0x34A: SET RIP @0x34C
0x34C: SET char 0x0
0x34D: SET RIP @0x34F
0x34F: SET RIP @0x345
0x351: EQ $tmp_108 code 0x48
0x352: IFZ $tmp_108 SET RIP @0x35B
0x354: SET RIP @0x356
0x356: SET char 0x0
0x357: SET RIP @0x359
0x359: SET RIP @0x34F
0x35B: EQ $tmp_109 code 0x49
0x35C: IFZ $tmp_109 SET RIP @0x365
0x35E: SET RIP @0x360
0x360: SET char 0x0
0x361: SET RIP @0x363
0x363: SET RIP @0x359
0x365: EQ $tmp_110 code 0x4A
0x366: IFZ $tmp_110 SET RIP @0x36F
0x368: SET RIP @0x36A
0x36A: SET char 0x0
0x36B: SET RIP @0x36D
0x36D: SET RIP @0x363
0x36F: EQ $tmp_111 code 0x4B
0x370: IFZ $tmp_111 SET RIP @0x379
0x372: SET RIP @0x374
0x374: SET char 0x0
0x375: SET RIP @0x377
0x377: SET RIP @0x36D
0x379: EQ $tmp_112 code 0x4C
0x37A: IFZ $tmp_112 SET RIP @0x383
0x37C: SET RIP @0x37E
0x37E: SET char 0x0
0x37F: SET RIP @0x381
0x381: SET RIP @0x377
0x383: EQ $tmp_113 code 0x4D
0x384: IFZ $tmp_113 SET RIP @0x38D
0x386: SET RIP @0x388
0x388: SET char 0x0
0x389: SET RIP @0x38B
0x38B: SET RIP @0x381
0x38D: EQ $tmp_114 code 0x4E
0x38E: IFZ $tmp_114 SET RIP @0x397
0x390: SET RIP @0x392
0x392: SET char 0x0
0x393: SET RIP @0x395
0x395: SET RIP @0x38B
0x397: EQ $tmp_115 code 0x4F
0x398: IFZ $tmp_115 SET RIP @0x3A1
0x39A: SET RIP @0x39C
0x39C: SET char 0x0
0x39D: SET RIP @0x39F
0x39F: SET RIP @0x395
0x3A1: EQ $tmp_116 code 0x50
0x3A2: IFZ $tmp_116 SET RIP @0x3AB
0x3A4: SET RIP @0x3A6
0x3A6: SET char 0x0
0x3A7: SET RIP @0x3A9
0x3A9: SET RIP @0x39F
0x3AB: EQ $tmp_117 code 0x51
0x3AC: IFZ $tmp_117 SET RIP @0x3B5
0x3AE: SET RIP @0x3B0
0x3B0: SET char 0x0
0x3B1: SET RIP @0x3B3
0x3B3: SET RIP @0x3A9
0x3B5: EQ $tmp_118 code 0x52
0x3B6: IFZ $tmp_118 SET RIP @0x3BF
0x3B8: SET RIP @0x3BA
0x3BA: SET char 0x0
0x3BB: SET RIP @0x3BD
0x3BD: SET RIP @0x3B3
0x3BF: EQ $tmp_119 code 0x53
0x3C0: IFZ $tmp_119 SET RIP @0x3C9
0x3C2: SET RIP @0x3C4
0x3C4: SET char 0x0
0x3C5: SET RIP @0x3C7
0x3C7: SET RIP @0x3BD
0x3C9: EQ $tmp_120 code 0x54
0x3CA: IFZ $tmp_120 SET RIP @0x3D3
0x3CC: SET RIP @0x3CE
0x3CE: SET char 0x0
0x3CF: SET RIP @0x3D1
0x3D1: SET RIP @0x3C7
0x3D3: EQ $tmp_121 code 0x55
0x3D4: IFZ $tmp_121 SET RIP @0x3DD
0x3D6: SET RIP @0x3D8
0x3D8: SET char 0x0
0x3D9: SET RIP @0x3DB
0x3DB: SET RIP @0x3D1
0x3DD: EQ $tmp_122 code 0x56
0x3DE: IFZ $tmp_122 SET RIP @0x3E7
0x3E0: SET RIP @0x3E2
0x3E2: SET char 0x0
0x3E3: SET RIP @0x3E5
0x3E5: SET RIP @0x3DB
0x3E7: EQ $tmp_123 code 0x57
0x3E8: IFZ $tmp_123 SET RIP @0x3F1
0x3EA: SET RIP @0x3EC
0x3EC: SET char 0x2F
0x3ED: SET RIP @0x3EF
0x3EF: SET RIP @0x3E5
0x3F1: EQ $tmp_124 code 0x58
0x3F2: IFZ $tmp_124 SET RIP @0x3FB
0x3F4: SET RIP @0x3F6
0x3F6: SET char 0x2A
0x3F7: SET RIP @0x3F9
0x3F9: SET RIP @0x3EF
0x3FB: EQ $tmp_125 code 0x59
0x3FC: IFZ $tmp_125 SET RIP @0x405
0x3FE: SET RIP @0x400
0x400: SET char 0x2D
0x401: SET RIP @0x403
0x403: SET RIP @0x3F9
0x405: EQ $tmp_126 code 0x5A
0x406: IFZ $tmp_126 SET RIP @0x40F
0x408: SET RIP @0x40A
0x40A: SET char 0x2B
0x40B: SET RIP @0x40D
0x40D: SET RIP @0x403
0x40F: EQ $tmp_127 code 0x5B
0x410: IFZ $tmp_127 SET RIP @0x419
0x412: SET RIP @0x414
0x414: SET char 0x0
0x415: SET RIP @0x417
0x417: SET RIP @0x40D
0x419: EQ $tmp_128 code 0x5C
0x41A: IFZ $tmp_128 SET RIP @0x423
0x41C: SET RIP @0x41E
0x41E: SET char 0x2E
0x41F: SET RIP @0x421
0x421: SET RIP @0x417
0x423: EQ $tmp_129 code 0x5D
0x424: IFZ $tmp_129 SET RIP @0x42D
0x426: SET RIP @0x428
0x428: SET char 0x30
0x429: SET RIP @0x42B
0x42B: SET RIP @0x421
0x42D: EQ $tmp_130 code 0x5E
0x42E: IFZ $tmp_130 SET RIP @0x437
0x430: SET RIP @0x432
0x432: SET char 0x31
0x433: SET RIP @0x435
0x435: SET RIP @0x42B
0x437: EQ $tmp_131 code 0x5F
0x438: IFZ $tmp_131 SET RIP @0x441
0x43A: SET RIP @0x43C
0x43C: SET char 0x32
0x43D: SET RIP @0x43F
0x43F: SET RIP @0x435
0x441: EQ $tmp_132 code 0x60
0x442: IFZ $tmp_132 SET RIP @0x44B
0x444: SET RIP @0x446
0x446: SET char 0x33
0x447: SET RIP @0x449
0x449: SET RIP @0x43F
0x44B: EQ $tmp_133 code 0x61
0x44C: IFZ $tmp_133 SET RIP @0x455
0x44E: SET RIP @0x450
0x450: SET char 0x34
0x451: SET RIP @0x453
0x453: SET RIP @0x449
0x455: EQ $tmp_134 code 0x62
0x456: IFZ $tmp_134 SET RIP @0x45F
0x458: SET RIP @0x45A
0x45A: SET char 0x35
0x45B: SET RIP @0x45D
0x45D: SET RIP @0x453
0x45F: EQ $tmp_135 code 0x63
0x460: IFZ $tmp_135 SET RIP @0x469
0x462: SET RIP @0x464
0x464: SET char 0x36
0x465: SET RIP @0x467
0x467: SET RIP @0x45D
0x469: EQ $tmp_136 code 0x64
0x46A: IFZ $tmp_136 SET RIP @0x473
0x46C: SET RIP @0x46E
0x46E: SET char 0x37
0x46F: SET RIP @0x471
0x471: SET RIP @0x467
0x473: EQ $tmp_137 code 0x65
0x474: IFZ $tmp_137 SET RIP @0x47D
0x476: SET RIP @0x478
0x478: SET char 0x38
0x479: SET RIP @0x47B
0x47B: SET RIP @0x471
0x47D: EQ $tmp_138 code 0x66
0x47E: IFZ $tmp_138 SET RIP @0x485
0x480: SET RIP @0x482
0x482: SET char 0x39
0x483: SET RIP @0x485
0x485: SET RIP @0x47B
0x487: NEQ $tmp_242 char 0x0
0x488: IFZ $tmp_242 SET RIP @0x898
0x48A: SET RIP @0x892
0x48C: EQ $tmp_139 code 0x0
0x48D: IFZ $tmp_139 SET RIP @0x496
0x48F: SET RIP @0x491
0x491: SET char 0x7E
0x492: SET RIP @0x494
0x494: SET RIP @0x487
0x496: EQ $tmp_140 code 0x1
0x497: IFZ $tmp_140 SET RIP @0x4A0
0x499: SET RIP @0x49B
0x49B: SET char 0x21
0x49C: SET RIP @0x49E
0x49E: SET RIP @0x494
0x4A0: EQ $tmp_141 code 0x2
0x4A1: IFZ $tmp_141 SET RIP @0x4AA
0x4A3: SET RIP @0x4A5
0x4A5: SET char 0x40
0x4A6: SET RIP @0x4A8
0x4A8: SET RIP @0x49E
0x4AA: EQ $tmp_142 code 0x3
0x4AB: IFZ $tmp_142 SET RIP @0x4B4
0x4AD: SET RIP @0x4AF
0x4AF: SET char 0x23
0x4B0: SET RIP @0x4B2
0x4B2: SET RIP @0x4A8
0x4B4: EQ $tmp_143 code 0x4
0x4B5: IFZ $tmp_143 SET RIP @0x4BE
0x4B7: SET RIP @0x4B9
0x4B9: SET char 0x24
0x4BA: SET RIP @0x4BC
0x4BC: SET RIP @0x4B2
0x4BE: EQ $tmp_144 code 0x5
0x4BF: IFZ $tmp_144 SET RIP @0x4C8
0x4C1: SET RIP @0x4C3
0x4C3: SET char 0x25
0x4C4: SET RIP @0x4C6
0x4C6: SET RIP @0x4BC
0x4C8: EQ $tmp_145 code 0x6
0x4C9: IFZ $tmp_145 SET RIP @0x4D2
0x4CB: SET RIP @0x4CD
0x4CD: SET char 0x5E
0x4CE: SET RIP @0x4D0
0x4D0: SET RIP @0x4C6
0x4D2: EQ $tmp_146 code 0x7
0x4D3: IFZ $tmp_146 SET RIP @0x4DC
0x4D5: SET RIP @0x4D7
0x4D7: SET char 0x26
0x4D8: SET RIP @0x4DA
0x4DA: SET RIP @0x4D0
0x4DC: EQ $tmp_147 code 0x8
0x4DD: IFZ $tmp_147 SET RIP @0x4E6
0x4DF: SET RIP @0x4E1
0x4E1: SET char 0x2A
0x4E2: SET RIP @0x4E4
0x4E4: SET RIP @0x4DA
0x4E6: EQ $tmp_148 code 0x9
0x4E7: IFZ $tmp_148 SET RIP @0x4F0
0x4E9: SET RIP @0x4EB
0x4EB: SET char 0x28
0x4EC: SET RIP @0x4EE
0x4EE: SET RIP @0x4E4
0x4F0: EQ $tmp_149 code 0xA
0x4F1: IFZ $tmp_149 SET RIP @0x4FA
0x4F3: SET RIP @0x4F5
0x4F5: SET char 0x29
0x4F6: SET RIP @0x4F8
0x4F8: SET RIP @0x4EE
0x4FA: EQ $tmp_150 code 0xB
0x4FB: IFZ $tmp_150 SET RIP @0x504
0x4FD: SET RIP @0x4FF
0x4FF: SET char 0x5F
0x500: SET RIP @0x502
0x502: SET RIP @0x4F8
0x504: EQ $tmp_151 code 0xC
0x505: IFZ $tmp_151 SET RIP @0x50E
0x507: SET RIP @0x509
0x509: SET char 0x2B
0x50A: SET RIP @0x50C
0x50C: SET RIP @0x502
0x50E: EQ $tmp_152 code 0xD
0x50F: IFZ $tmp_152 SET RIP @0x518
0x511: SET RIP @0x513
0x513: SET char 0x8
0x514: SET RIP @0x516
0x516: SET RIP @0x50C
0x518: EQ $tmp_153 code 0xE
0x519: IFZ $tmp_153 SET RIP @0x522
0x51B: SET RIP @0x51D
0x51D: SET char 0x9
0x51E: SET RIP @0x520
0x520: SET RIP @0x516
0x522: EQ $tmp_154 code 0xF
0x523: IFZ $tmp_154 SET RIP @0x52C
0x525: SET RIP @0x527
0x527: SET char 0x51
0x528: SET RIP @0x52A
0x52A: SET RIP @0x520
0x52C: EQ $tmp_155 code 0x10
0x52D: IFZ $tmp_155 SET RIP @0x536
0x52F: SET RIP @0x531
0x531: SET char 0x57
0x532: SET RIP @0x534
0x534: SET RIP @0x52A
0x536: EQ $tmp_156 code 0x11
0x537: IFZ $tmp_156 SET RIP @0x540
0x539: SET RIP @0x53B
0x53B: SET char 0x45
0x53C: SET RIP @0x53E
0x53E: SET RIP @0x534
0x540: EQ $tmp_157 code 0x12
0x541: IFZ $tmp_157 SET RIP @0x54A
0x543: SET RIP @0x545
0x545: SET char 0x52
0x546: SET RIP @0x548
0x548: SET RIP @0x53E
0x54A: EQ $tmp_158 code 0x13
0x54B: IFZ $tmp_158 SET RIP @0x554
0x54D: SET RIP @0x54F
0x54F: SET char 0x54
0x550: SET RIP @0x552
0x552: SET RIP @0x548
0x554: EQ $tmp_159 code 0x14
0x555: IFZ $tmp_159 SET RIP @0x55E
0x557: SET RIP @0x559
0x559: SET char 0x59
0x55A: SET RIP @0x55C
0x55C: SET RIP @0x552
0x55E: EQ $tmp_160 code 0x15
0x55F: IFZ $tmp_160 SET RIP @0x568
0x561: SET RIP @0x563
0x563: SET char 0x55
0x564: SET RIP @0x566
0x566: SET RIP @0x55C
0x568: EQ $tmp_161 code 0x16
0x569: IFZ $tmp_161 SET RIP @0x572
0x56B: SET RIP @0x56D
0x56D: SET char 0x49
0x56E: SET RIP @0x570
0x570: SET RIP @0x566
0x572: EQ $tmp_162 code 0x17
0x573: IFZ $tmp_162 SET RIP @0x57C
0x575: SET RIP @0x577
0x577: SET char 0x4F
0x578: SET RIP @0x57A
0x57A: SET RIP @0x570
0x57C: EQ $tmp_163 code 0x18
0x57D: IFZ $tmp_163 SET RIP @0x586
0x57F: SET RIP @0x581
0x581: SET char 0x50
0x582: SET RIP @0x584
0x584: SET RIP @0x57A
0x586: EQ $tmp_164 code 0x19
0x587: IFZ $tmp_164 SET RIP @0x590
0x589: SET RIP @0x58B
0x58B: SET char 0x7B
0x58C: SET RIP @0x58E
0x58E: SET RIP @0x584
0x590: EQ $tmp_165 code 0x1A
0x591: IFZ $tmp_165 SET RIP @0x59A
0x593: SET RIP @0x595
0x595: SET char 0x7D
0x596: SET RIP @0x598
0x598: SET RIP @0x58E
0x59A: EQ $tmp_166 code 0x1B
0x59B: IFZ $tmp_166 SET RIP @0x5A4
0x59D: SET RIP @0x59F
0x59F: SET char 0x7C
0x5A0: SET RIP @0x5A2
0x5A2: SET RIP @0x598
0x5A4: EQ $tmp_167 code 0x1C
0x5A5: IFZ $tmp_167 SET RIP @0x5AE
0x5A7: SET RIP @0x5A9
0x5A9: SET char 0x0
0x5AA: SET RIP @0x5AC
0x5AC: SET RIP @0x5A2
0x5AE: EQ $tmp_168 code 0x1D
0x5AF: IFZ $tmp_168 SET RIP @0x5B8
0x5B1: SET RIP @0x5B3
0x5B3: SET char 0x41
0x5B4: SET RIP @0x5B6
0x5B6: SET RIP @0x5AC
0x5B8: EQ $tmp_169 code 0x1E
0x5B9: IFZ $tmp_169 SET RIP @0x5C2
0x5BB: SET RIP @0x5BD
0x5BD: SET char 0x53
0x5BE: SET RIP @0x5C0
0x5C0: SET RIP @0x5B6
0x5C2: EQ $tmp_170 code 0x1F
0x5C3: IFZ $tmp_170 SET RIP @0x5CC
0x5C5: SET RIP @0x5C7
0x5C7: SET char 0x44
0x5C8: SET RIP @0x5CA
0x5CA: SET RIP @0x5C0
0x5CC: EQ $tmp_171 code 0x20
0x5CD: IFZ $tmp_171 SET RIP @0x5D6
0x5CF: SET RIP @0x5D1
0x5D1: SET char 0x46
0x5D2: SET RIP @0x5D4
0x5D4: SET RIP @0x5CA
0x5D6: EQ $tmp_172 code 0x21
0x5D7: IFZ $tmp_172 SET RIP @0x5E0
0x5D9: SET RIP @0x5DB
0x5DB: SET char 0x47
0x5DC: SET RIP @0x5DE
0x5DE: SET RIP @0x5D4
0x5E0: EQ $tmp_173 code 0x22
0x5E1: IFZ $tmp_173 SET RIP @0x5EA
0x5E3: SET RIP @0x5E5
0x5E5: SET char 0x48
0x5E6: SET RIP @0x5E8
0x5E8: SET RIP @0x5DE
0x5EA: EQ $tmp_174 code 0x23
0x5EB: IFZ $tmp_174 SET RIP @0x5F4
0x5ED: SET RIP @0x5EF
0x5EF: SET char 0x4A
0x5F0: SET RIP @0x5F2
0x5F2: SET RIP @0x5E8
0x5F4: EQ $tmp_175 code 0x24
0x5F5: IFZ $tmp_175 SET RIP @0x5FE
0x5F7: SET RIP @0x5F9
0x5F9: SET char 0x4B
0x5FA: SET RIP @0x5FC
0x5FC: SET RIP @0x5F2
0x5FE: EQ $tmp_176 code 0x25
0x5FF: IFZ $tmp_176 SET RIP @0x608
0x601: SET RIP @0x603
0x603: SET char 0x4C
0x604: SET RIP @0x606
0x606: SET RIP @0x5FC
0x608: EQ $tmp_177 code 0x26
0x609: IFZ $tmp_177 SET RIP @0x612
0x60B: SET RIP @0x60D
0x60D: SET char 0x3A
0x60E: SET RIP @0x610
0x610: SET RIP @0x606
0x612: EQ $tmp_178 code 0x27
0x613: IFZ $tmp_178 SET RIP @0x61C
0x615: SET RIP @0x617
0x617: SET char 0x22
0x618: SET RIP @0x61A
0x61A: SET RIP @0x610
0x61C: EQ $tmp_179 code 0x28
0x61D: IFZ $tmp_179 SET RIP @0x626
0x61F: SET RIP @0x621
0x621: SET char 0xA
0x622: SET RIP @0x624
0x624: SET RIP @0x61A
0x626: EQ $tmp_180 code 0x29
0x627: IFZ $tmp_180 SET RIP @0x630
0x629: SET RIP @0x62B
0x62B: SET char 0x0
0x62C: SET RIP @0x62E
0x62E: SET RIP @0x624
0x630: EQ $tmp_181 code 0x2A
0x631: IFZ $tmp_181 SET RIP @0x63A
0x633: SET RIP @0x635
0x635: SET char 0x5A
0x636: SET RIP @0x638
0x638: SET RIP @0x62E
0x63A: EQ $tmp_182 code 0x2B
0x63B: IFZ $tmp_182 SET RIP @0x644
0x63D: SET RIP @0x63F
0x63F: SET char 0x58
0x640: SET RIP @0x642
0x642: SET RIP @0x638
0x644: EQ $tmp_183 code 0x2C
0x645: IFZ $tmp_183 SET RIP @0x64E
0x647: SET RIP @0x649
0x649: SET char 0x43
0x64A: SET RIP @0x64C
0x64C: SET RIP @0x642
0x64E: EQ $tmp_184 code 0x2D
0x64F: IFZ $tmp_184 SET RIP @0x658
0x651: SET RIP @0x653
0x653: SET char 0x56
0x654: SET RIP @0x656
0x656: SET RIP @0x64C
0x658: EQ $tmp_185 code 0x2E
0x659: IFZ $tmp_185 SET RIP @0x662
0x65B: SET RIP @0x65D
0x65D: SET char 0x42
0x65E: SET RIP @0x660
0x660: SET RIP @0x656
0x662: EQ $tmp_186 code 0x2F
0x663: IFZ $tmp_186 SET RIP @0x66C
0x665: SET RIP @0x667
0x667: SET char 0x4E
0x668: SET RIP @0x66A
0x66A: SET RIP @0x660
0x66C: EQ $tmp_187 code 0x30
0x66D: IFZ $tmp_187 SET RIP @0x676
0x66F: SET RIP @0x671
0x671: SET char 0x4D
0x672: SET RIP @0x674
0x674: SET RIP @0x66A
0x676: EQ $tmp_188 code 0x31
0x677: IFZ $tmp_188 SET RIP @0x680
0x679: SET RIP @0x67B
0x67B: SET char 0x3C
0x67C: SET RIP @0x67E
0x67E: SET RIP @0x674
0x680: EQ $tmp_189 code 0x32
0x681: IFZ $tmp_189 SET RIP @0x68A
0x683: SET RIP @0x685
0x685: SET char 0x3E
0x686: SET RIP @0x688
0x688: SET RIP @0x67E
0x68A: EQ $tmp_190 code 0x33
0x68B: IFZ $tmp_190 SET RIP @0x694
0x68D: SET RIP @0x68F
0x68F: SET char 0x3F
0x690: SET RIP @0x692
0x692: SET RIP @0x688
0x694: EQ $tmp_191 code 0x34
0x695: IFZ $tmp_191 SET RIP @0x69E
0x697: SET RIP @0x699
0x699: SET char 0x0
0x69A: SET RIP @0x69C
0x69C: SET RIP @0x692
0x69E: EQ $tmp_192 code 0x35
0x69F: IFZ $tmp_192 SET RIP @0x6A8
0x6A1: SET RIP @0x6A3
0x6A3: SET char 0x0
0x6A4: SET RIP @0x6A6
0x6A6: SET RIP @0x69C
0x6A8: EQ $tmp_193 code 0x36
0x6A9: IFZ $tmp_193 SET RIP @0x6B2
0x6AB: SET RIP @0x6AD
0x6AD: SET char 0x0
0x6AE: SET RIP @0x6B0
0x6B0: SET RIP @0x6A6
0x6B2: EQ $tmp_194 code 0x37
0x6B3: IFZ $tmp_194 SET RIP @0x6BC
0x6B5: SET RIP @0x6B7
0x6B7: SET char 0x0
0x6B8: SET RIP @0x6BA
0x6BA: SET RIP @0x6B0
0x6BC: EQ $tmp_195 code 0x38
0x6BD: IFZ $tmp_195 SET RIP @0x6C6
0x6BF: SET RIP @0x6C1
0x6C1: SET char 0x20
0x6C2: SET RIP @0x6C4
0x6C4: SET RIP @0x6BA
0x6C6: EQ $tmp_196 code 0x39
0x6C7: IFZ $tmp_196 SET RIP @0x6D0
0x6C9: SET RIP @0x6CB
0x6CB: SET char 0x0
0x6CC: SET RIP @0x6CE
0x6CE: SET RIP @0x6C4
0x6D0: EQ $tmp_197 code 0x3A
0x6D1: IFZ $tmp_197 SET RIP @0x6DA
0x6D3: SET RIP @0x6D5
0x6D5: SET char 0x0
0x6D6: SET RIP @0x6D8
0x6D8: SET RIP @0x6CE
0x6DA: EQ $tmp_198 code 0x3B
0x6DB: IFZ $tmp_198 SET RIP @0x6E4
0x6DD: SET RIP @0x6DF
0x6DF: SET char 0x0
0x6E0: SET RIP @0x6E2
0x6E2: SET RIP @0x6D8
0x6E4: EQ $tmp_199 code 0x3C
0x6E5: IFZ $tmp_199 SET RIP @0x6EE
0x6E7: SET RIP @0x6E9
0x6E9: SET char 0x0
0x6EA: SET RIP @0x6EC
0x6EC: SET RIP @0x6E2
0x6EE: EQ $tmp_200 code 0x3D
0x6EF: IFZ $tmp_200 SET RIP @0x6F8
0x6F1: SET RIP @0x6F3
0x6F3: SET char 0x0
0x6F4: SET RIP @0x6F6
0x6F6: SET RIP @0x6EC
0x6F8: EQ $tmp_201 code 0x3E
0x6F9: IFZ $tmp_201 SET RIP @0x702
0x6FB: SET RIP @0x6FD
0x6FD: SET char 0x0
0x6FE: SET RIP @0x700
0x700: SET RIP @0x6F6
0x702: EQ $tmp_202 code 0x3F
0x703: IFZ $tmp_202 SET RIP @0x70C
0x705: SET RIP @0x707
0x707: SET char 0x0
0x708: SET RIP @0x70A
0x70A: SET RIP @0x700
0x70C: EQ $tmp_203 code 0x40
0x70D: IFZ $tmp_203 SET RIP @0x716
0x70F: SET RIP @0x711
0x711: SET char 0x0
0x712: SET RIP @0x714
0x714: SET RIP @0x70A
0x716: EQ $tmp_204 code 0x41
0x717: IFZ $tmp_204 SET RIP @0x720
0x719: SET RIP @0x71B
0x71B: SET char 0x0
0x71C: SET RIP @0x71E
0x71E: SET RIP @0x714
0x720: EQ $tmp_205 code 0x42
0x721: IFZ $tmp_205 SET RIP @0x72A
0x723: SET RIP @0x725
0x725: SET char 0x0
0x726: SET RIP @0x728
0x728: SET RIP @0x71E
0x72A: EQ $tmp_206 code 0x43
0x72B: IFZ $tmp_206 SET RIP @0x734
0x72D: SET RIP @0x72F
0x72F: SET char 0x0
0x730: SET RIP @0x732
0x732: SET RIP @0x728
0x734: EQ $tmp_207 code 0x44
0x735: IFZ $tmp_207 SET RIP @0x73E
0x737: SET RIP @0x739
0x739: SET char 0x0
0x73A: SET RIP @0x73C
0x73C: SET RIP @0x732
0x73E: EQ $tmp_208 code 0x45
0x73F: IFZ $tmp_208 SET RIP @0x748
0x741: SET RIP @0x743
0x743: SET char 0x0
0x744: SET RIP @0x746
0x746: SET RIP @0x73C
0x748: EQ $tmp_209 code 0x46
0x749: IFZ $tmp_209 SET RIP @0x752
0x74B: SET RIP @0x74D
0x74D: SET char 0x0
0x74E: SET RIP @0x750
0x750: SET RIP @0x746
0x752: EQ $tmp_210 code 0x47
0x753: IFZ $tmp_210 SET RIP @0x75C
0x755: SET RIP @0x757
0x757: SET char 0x0
0x758: SET RIP @0x75A
0x75A: SET RIP @0x750
0x75C: EQ $tmp_211 code 0x48
0x75D: IFZ $tmp_211 SET RIP @0x766
0x75F: SET RIP @0x761
0x761: SET char 0x0
0x762: SET RIP @0x764
0x764: SET RIP @0x75A
0x766: EQ $tmp_212 code 0x49
0x767: IFZ $tmp_212 SET RIP @0x770
0x769: SET RIP @0x76B
0x76B: SET char 0x0
0x76C: SET RIP @0x76E
0x76E: SET RIP @0x764
0x770: EQ $tmp_213 code 0x4A
0x771: IFZ $tmp_213 SET RIP @0x77A
0x773: SET RIP @0x775
0x775: SET char 0x0
0x776: SET RIP @0x778
0x778: SET RIP @0x76E
0x77A: EQ $tmp_214 code 0x4B
0x77B: IFZ $tmp_214 SET RIP @0x784
0x77D: SET RIP @0x77F
0x77F: SET char 0x0
0x780: SET RIP @0x782
0x782: SET RIP @0x778
0x784: EQ $tmp_215 code 0x4C
0x785: IFZ $tmp_215 SET RIP @0x78E
0x787: SET RIP @0x789
0x789: SET char 0x0
0x78A: SET RIP @0x78C
0x78C: SET RIP @0x782
0x78E: EQ $tmp_216 code 0x4D
0x78F: IFZ $tmp_216 SET RIP @0x798
0x791: SET RIP @0x793
0x793: SET char 0x0
0x794: SET RIP @0x796
0x796: SET RIP @0x78C
0x798: EQ $tmp_217 code 0x4E
0x799: IFZ $tmp_217 SET RIP @0x7A2
0x79B: SET RIP @0x79D
0x79D: SET char 0x0
0x79E: SET RIP @0x7A0
0x7A0: SET RIP @0x796
0x7A2: EQ $tmp_218 code 0x4F
0x7A3: IFZ $tmp_218 SET RIP @0x7AC
0x7A5: SET RIP @0x7A7
0x7A7: SET char 0x0
0x7A8: SET RIP @0x7AA
0x7AA: SET RIP @0x7A0
0x7AC: EQ $tmp_219 code 0x50
0x7AD: IFZ $tmp_219 SET RIP @0x7B6
0x7AF: SET RIP @0x7B1
0x7B1: SET char 0x0
0x7B2: SET RIP @0x7B4
0x7B4: SET RIP @0x7AA
0x7B6: EQ $tmp_220 code 0x51
0x7B7: IFZ $tmp_220 SET RIP @0x7C0
0x7B9: SET RIP @0x7BB
0x7BB: SET char 0x0
0x7BC: SET RIP @0x7BE
0x7BE: SET RIP @0x7B4
0x7C0: EQ $tmp_221 code 0x52
0x7C1: IFZ $tmp_221 SET RIP @0x7CA
0x7C3: SET RIP @0x7C5
0x7C5: SET char 0x0
0x7C6: SET RIP @0x7C8
0x7C8: SET RIP @0x7BE
0x7CA: EQ $tmp_222 code 0x53
0x7CB: IFZ $tmp_222 SET RIP @0x7D4
0x7CD: SET RIP @0x7CF
0x7CF: SET char 0x0
0x7D0: SET RIP @0x7D2
0x7D2: SET RIP @0x7C8
0x7D4: EQ $tmp_223 code 0x54
0x7D5: IFZ $tmp_223 SET RIP @0x7DE
0x7D7: SET RIP @0x7D9
0x7D9: SET char 0x0
0x7DA: SET RIP @0x7DC
0x7DC: SET RIP @0x7D2
0x7DE: EQ $tmp_224 code 0x55
0x7DF: IFZ $tmp_224 SET RIP @0x7E8
0x7E1: SET RIP @0x7E3
0x7E3: SET char 0x0
0x7E4: SET RIP @0x7E6
0x7E6: SET RIP @0x7DC
0x7E8: EQ $tmp_225 code 0x56
0x7E9: IFZ $tmp_225 SET RIP @0x7F2
0x7EB: SET RIP @0x7ED
0x7ED: SET char 0x0
0x7EE: SET RIP @0x7F0
0x7F0: SET RIP @0x7E6
0x7F2: EQ $tmp_226 code 0x57
0x7F3: IFZ $tmp_226 SET RIP @0x7FC
0x7F5: SET RIP @0x7F7
0x7F7: SET char 0x2F
0x7F8: SET RIP @0x7FA
0x7FA: SET RIP @0x7F0
0x7FC: EQ $tmp_227 code 0x58
0x7FD: IFZ $tmp_227 SET RIP @0x806
0x7FF: SET RIP @0x801
0x801: SET char 0x2A
0x802: SET RIP @0x804
0x804: SET RIP @0x7FA
0x806: EQ $tmp_228 code 0x59
0x807: IFZ $tmp_228 SET RIP @0x810
0x809: SET RIP @0x80B
0x80B: SET char 0x2D
0x80C: SET RIP @0x80E
0x80E: SET RIP @0x804
0x810: EQ $tmp_229 code 0x5A
0x811: IFZ $tmp_229 SET RIP @0x81A
0x813: SET RIP @0x815
0x815: SET char 0x2B
0x816: SET RIP @0x818
0x818: SET RIP @0x80E
0x81A: EQ $tmp_230 code 0x5B
0x81B: IFZ $tmp_230 SET RIP @0x824
0x81D: SET RIP @0x81F
0x81F: SET char 0x0
0x820: SET RIP @0x822
0x822: SET RIP @0x818
0x824: EQ $tmp_231 code 0x5C
0x825: IFZ $tmp_231 SET RIP @0x82E
0x827: SET RIP @0x829
0x829: SET char 0x2E
0x82A: SET RIP @0x82C
0x82C: SET RIP @0x822
0x82E: EQ $tmp_232 code 0x5D
0x82F: IFZ $tmp_232 SET RIP @0x838
0x831: SET RIP @0x833
0x833: SET char 0x30
0x834: SET RIP @0x836
0x836: SET RIP @0x82C
0x838: EQ $tmp_233 code 0x5E
0x839: IFZ $tmp_233 SET RIP @0x842
0x83B: SET RIP @0x83D
0x83D: SET char 0x31
0x83E: SET RIP @0x840
0x840: SET RIP @0x836
0x842: EQ $tmp_234 code 0x5F
0x843: IFZ $tmp_234 SET RIP @0x84C
0x845: SET RIP @0x847
0x847: SET char 0x32
0x848: SET RIP @0x84A
0x84A: SET RIP @0x840
0x84C: EQ $tmp_235 code 0x60
0x84D: IFZ $tmp_235 SET RIP @0x856
0x84F: SET RIP @0x851
0x851: SET char 0x33
0x852: SET RIP @0x854
0x854: SET RIP @0x84A
0x856: EQ $tmp_236 code 0x61
0x857: IFZ $tmp_236 SET RIP @0x860
0x859: SET RIP @0x85B
0x85B: SET char 0x34
0x85C: SET RIP @0x85E
0x85E: SET RIP @0x854
0x860: EQ $tmp_237 code 0x62
0x861: IFZ $tmp_237 SET RIP @0x86A
0x863: SET RIP @0x865
0x865: SET char 0x35
0x866: SET RIP @0x868
0x868: SET RIP @0x85E
0x86A: EQ $tmp_238 code 0x63
0x86B: IFZ $tmp_238 SET RIP @0x874
0x86D: SET RIP @0x86F
0x86F: SET char 0x36
0x870: SET RIP @0x872
0x872: SET RIP @0x868
0x874: EQ $tmp_239 code 0x64
0x875: IFZ $tmp_239 SET RIP @0x87E
0x877: SET RIP @0x879
0x879: SET char 0x37
0x87A: SET RIP @0x87C
0x87C: SET RIP @0x872
0x87E: EQ $tmp_240 code 0x65
0x87F: IFZ $tmp_240 SET RIP @0x888
0x881: SET RIP @0x883
0x883: SET char 0x38
0x884: SET RIP @0x886
0x886: SET RIP @0x87C
0x888: EQ $tmp_241 code 0x66
0x889: IFZ $tmp_241 SET RIP @0x890
0x88B: SET RIP @0x88D
0x88D: SET char 0x39
0x88E: SET RIP @0x890
0x890: SET RIP @0x886
0x892: ADD $tmp_243 [0x0] offset
0x894: SET S $tmp_243
0x895: SET [S] char
0x896: SET RIP @0x898
0x898: SET RIP @0x89A
0x89A: SET RIP @0x03A
0x89C: EINT
0x89D: SET R0 $tmp_244
0x89E: RET

func findDevice: 0x000000000000090C
arg type: 0x0
var controllerInfo: 0x1
var deviceCount: 0x2
var device: 0x3
var $tmp_245: 0x4
var $tmp_246: 0x5
var $tmp_247: 0x6
var $tmp_248: 0x7
var $tmp_249: 0x8
var $tmp_250: 0x9
0x00: SL $tmp_245 0xFFF 0x34
0x02: SET controllerInfo $tmp_245
0x03: SET S controllerInfo
0x04: SET S S
0x05: ADD S S 0x0
0x06: SET deviceCount [S]
0x07: SET S controllerInfo
0x08: SET S S
0x09: ADD S S 0x1
0x0A: SET device [S]
0x0B: SET RIP @0x0D
0x0D: GT $tmp_246 deviceCount 0x0
0x0E: IFZ $tmp_246 SET RIP @0x27
0x10: SET RIP @0x12
0x12: SET S device
0x13: SET S S
0x14: ADD S S 0x1
0x15: EQ $tmp_247 [S] type
0x16: IFZ $tmp_247 SET RIP @0x21
0x18: SET RIP @0x1A
0x1A: SET S device
0x1B: SET S S
0x1C: ADD S S 0x0
0x1D: SET R0 [S]
0x1E: RET
0x1F: SET RIP @0x21
0x21: SUB $tmp_248 deviceCount 0x1
0x22: SET deviceCount $tmp_248
0x23: ADD $tmp_249 device 0x4
0x24: SET device $tmp_249
0x25: SET RIP @0x0D
0x27: SET R0 0x0
0x28: RET
0x29: SET R0 $tmp_250
0x2A: RET

